  Bullet.cpp
  Pad.cpp
  Robo.cpp
  Stage.cpp
  main.cpp
  Batch.cpp
  Camera.cpp
  File.cpp
  GraphicsDatabase.cpp
  IndexBuffer.cpp
  Matrix34.cpp
  Matrix44.cpp
  Model.cpp
  Texture.cpp
  Vector2.cpp
  Vector3.cpp
  VertexBuffer.cpp
  코드를 생성하고 있습니다...
  RoboFightWithDiffuseLighting.vcxproj -> C:\Users\MikumiX\Documents\Repos\game-programmer-book-build\src\build\20_Lighting\RoboFightWithDiffuseLighting\Debug\RoboFightWithDiffuseLighting.exe
  CopyResource	CopyResource	CopyResource	CopyResource	CopyResource
