  File.cpp
  Image.cpp
  State.cpp
  main.cpp
  StageSelect.cpp
C:\Users\MikumiX\Documents\Repos\game-programmer-book-build\src\07_2DActionGame\NimotsuKunWithSystemFont\Sequence\StageSelect.cpp(41,27): warning C4566: 유니버설 문자 이름 '\uFF7D'(으)로 표현되는 문자는 현재 코드 페이지(949)에서 표현할 수 없습니다.
C:\Users\MikumiX\Documents\Repos\game-programmer-book-build\src\07_2DActionGame\NimotsuKunWithSystemFont\Sequence\StageSelect.cpp(41,27): warning C4566: 유니버설 문자 이름 '\uFF83'(으)로 표현되는 문자는 현재 코드 페이지(949)에서 표현할 수 없습니다.
C:\Users\MikumiX\Documents\Repos\game-programmer-book-build\src\07_2DActionGame\NimotsuKunWithSystemFont\Sequence\StageSelect.cpp(41,27): warning C4566: 유니버설 문자 이름 '\uFF70'(으)로 표현되는 문자는 현재 코드 페이지(949)에서 표현할 수 없습니다.
C:\Users\MikumiX\Documents\Repos\game-programmer-book-build\src\07_2DActionGame\NimotsuKunWithSystemFont\Sequence\StageSelect.cpp(41,27): warning C4566: 유니버설 문자 이름 '\uFF7C'(으)로 표현되는 문자는 현재 코드 페이지(949)에서 표현할 수 없습니다.
C:\Users\MikumiX\Documents\Repos\game-programmer-book-build\src\07_2DActionGame\NimotsuKunWithSystemFont\Sequence\StageSelect.cpp(41,27): warning C4566: 유니버설 문자 이름 '\uFF9E'(으)로 표현되는 문자는 현재 코드 페이지(949)에서 표현할 수 없습니다.
C:\Users\MikumiX\Documents\Repos\game-programmer-book-build\src\07_2DActionGame\NimotsuKunWithSystemFont\Sequence\StageSelect.cpp(41,27): warning C4566: 유니버설 문자 이름 '\uFF7E'(으)로 표현되는 문자는 현재 코드 페이지(949)에서 표현할 수 없습니다.
C:\Users\MikumiX\Documents\Repos\game-programmer-book-build\src\07_2DActionGame\NimotsuKunWithSystemFont\Sequence\StageSelect.cpp(41,27): warning C4566: 유니버설 문자 이름 '\uFF9D'(으)로 표현되는 문자는 현재 코드 페이지(949)에서 표현할 수 없습니다.
C:\Users\MikumiX\Documents\Repos\game-programmer-book-build\src\07_2DActionGame\NimotsuKunWithSystemFont\Sequence\StageSelect.cpp(41,27): warning C4566: 유니버설 문자 이름 '\uFF80'(으)로 표현되는 문자는 현재 코드 페이지(949)에서 표현할 수 없습니다.
C:\Users\MikumiX\Documents\Repos\game-programmer-book-build\src\07_2DActionGame\NimotsuKunWithSystemFont\Sequence\StageSelect.cpp(41,27): warning C4566: 유니버설 문자 이름 '\uFF78'(으)로 표현되는 문자는 현재 코드 페이지(949)에서 표현할 수 없습니다.
  Title.cpp
C:\Users\MikumiX\Documents\Repos\game-programmer-book-build\src\07_2DActionGame\NimotsuKunWithSystemFont\Sequence\Title.cpp(27,47): warning C4566: 유니버설 문자 이름 '\uFF86'(으)로 표현되는 문자는 현재 코드 페이지(949)에서 표현할 수 없습니다.
C:\Users\MikumiX\Documents\Repos\game-programmer-book-build\src\07_2DActionGame\NimotsuKunWithSystemFont\Sequence\Title.cpp(27,47): warning C4566: 유니버설 문자 이름 '\uFF93'(으)로 표현되는 문자는 현재 코드 페이지(949)에서 표현할 수 없습니다.
C:\Users\MikumiX\Documents\Repos\game-programmer-book-build\src\07_2DActionGame\NimotsuKunWithSystemFont\Sequence\Title.cpp(27,47): warning C4566: 유니버설 문자 이름 '\uFF82'(으)로 표현되는 문자는 현재 코드 페이지(949)에서 표현할 수 없습니다.
C:\Users\MikumiX\Documents\Repos\game-programmer-book-build\src\07_2DActionGame\NimotsuKunWithSystemFont\Sequence\Title.cpp(27,47): warning C4566: 유니버설 문자 이름 '\uFF78'(으)로 표현되는 문자는 현재 코드 페이지(949)에서 표현할 수 없습니다.
C:\Users\MikumiX\Documents\Repos\game-programmer-book-build\src\07_2DActionGame\NimotsuKunWithSystemFont\Sequence\Title.cpp(27,47): warning C4566: 유니버설 문자 이름 '\uFF9D'(으)로 표현되는 문자는 현재 코드 페이지(949)에서 표현할 수 없습니다.
C:\Users\MikumiX\Documents\Repos\game-programmer-book-build\src\07_2DActionGame\NimotsuKunWithSystemFont\Sequence\Title.cpp(28,47): warning C4566: 유니버설 문자 이름 '\uFF7D'(으)로 표현되는 문자는 현재 코드 페이지(949)에서 표현할 수 없습니다.
C:\Users\MikumiX\Documents\Repos\game-programmer-book-build\src\07_2DActionGame\NimotsuKunWithSystemFont\Sequence\Title.cpp(28,47): warning C4566: 유니버설 문자 이름 '\uFF8D'(으)로 표현되는 문자는 현재 코드 페이지(949)에서 표현할 수 없습니다.
C:\Users\MikumiX\Documents\Repos\game-programmer-book-build\src\07_2DActionGame\NimotsuKunWithSystemFont\Sequence\Title.cpp(28,47): warning C4566: 유니버설 문자 이름 '\uFF9F'(으)로 표현되는 문자는 현재 코드 페이지(949)에서 표현할 수 없습니다.
C:\Users\MikumiX\Documents\Repos\game-programmer-book-build\src\07_2DActionGame\NimotsuKunWithSystemFont\Sequence\Title.cpp(28,47): warning C4566: 유니버설 문자 이름 '\uFF70'(으)로 표현되는 문자는 현재 코드 페이지(949)에서 표현할 수 없습니다.
C:\Users\MikumiX\Documents\Repos\game-programmer-book-build\src\07_2DActionGame\NimotsuKunWithSystemFont\Sequence\Title.cpp(28,47): warning C4566: 유니버설 문자 이름 '\uFF77'(으)로 표현되는 문자는 현재 코드 페이지(949)에서 표현할 수 없습니다.
C:\Users\MikumiX\Documents\Repos\game-programmer-book-build\src\07_2DActionGame\NimotsuKunWithSystemFont\Sequence\Title.cpp(28,47): warning C4566: 유니버설 문자 이름 '\uFF66'(으)로 표현되는 문자는 현재 코드 페이지(949)에서 표현할 수 없습니다.
C:\Users\MikumiX\Documents\Repos\game-programmer-book-build\src\07_2DActionGame\NimotsuKunWithSystemFont\Sequence\Title.cpp(28,47): warning C4566: 유니버설 문자 이름 '\uFF75'(으)로 표현되는 문자는 현재 코드 페이지(949)에서 표현할 수 없습니다.
C:\Users\MikumiX\Documents\Repos\game-programmer-book-build\src\07_2DActionGame\NimotsuKunWithSystemFont\Sequence\Title.cpp(28,47): warning C4566: 유니버설 문자 이름 '\uFF7E'(으)로 표현되는 문자는 현재 코드 페이지(949)에서 표현할 수 없습니다.
  Clear.cpp
C:\Users\MikumiX\Documents\Repos\game-programmer-book-build\src\07_2DActionGame\NimotsuKunWithSystemFont\Sequence\Game\Clear.cpp(32,47): warning C4566: 유니버설 문자 이름 '\uFF78'(으)로 표현되는 문자는 현재 코드 페이지(949)에서 표현할 수 없습니다.
C:\Users\MikumiX\Documents\Repos\game-programmer-book-build\src\07_2DActionGame\NimotsuKunWithSystemFont\Sequence\Game\Clear.cpp(32,47): warning C4566: 유니버설 문자 이름 '\uFF98'(으)로 표현되는 문자는 현재 코드 페이지(949)에서 표현할 수 없습니다.
C:\Users\MikumiX\Documents\Repos\game-programmer-book-build\src\07_2DActionGame\NimotsuKunWithSystemFont\Sequence\Game\Clear.cpp(32,47): warning C4566: 유니버설 문자 이름 '\uFF71'(으)로 표현되는 문자는 현재 코드 페이지(949)에서 표현할 수 없습니다.
C:\Users\MikumiX\Documents\Repos\game-programmer-book-build\src\07_2DActionGame\NimotsuKunWithSystemFont\Sequence\Game\Clear.cpp(32,47): warning C4566: 유니버설 문자 이름 '\uFF70'(으)로 표현되는 문자는 현재 코드 페이지(949)에서 표현할 수 없습니다.
  Loading.cpp
C:\Users\MikumiX\Documents\Repos\game-programmer-book-build\src\07_2DActionGame\NimotsuKunWithSystemFont\Sequence\Game\Loading.cpp(37,47): warning C4566: 유니버설 문자 이름 '\uFF9B'(으)로 표현되는 문자는 현재 코드 페이지(949)에서 표현할 수 없습니다.
C:\Users\MikumiX\Documents\Repos\game-programmer-book-build\src\07_2DActionGame\NimotsuKunWithSystemFont\Sequence\Game\Loading.cpp(37,47): warning C4566: 유니버설 문자 이름 '\uFF70'(으)로 표현되는 문자는 현재 코드 페이지(949)에서 표현할 수 없습니다.
C:\Users\MikumiX\Documents\Repos\game-programmer-book-build\src\07_2DActionGame\NimotsuKunWithSystemFont\Sequence\Game\Loading.cpp(37,47): warning C4566: 유니버설 문자 이름 '\uFF84'(으)로 표현되는 문자는 현재 코드 페이지(949)에서 표현할 수 없습니다.
C:\Users\MikumiX\Documents\Repos\game-programmer-book-build\src\07_2DActionGame\NimotsuKunWithSystemFont\Sequence\Game\Loading.cpp(37,47): warning C4566: 유니버설 문자 이름 '\uFF9E'(으)로 표현되는 문자는 현재 코드 페이지(949)에서 표현할 수 없습니다.
C:\Users\MikumiX\Documents\Repos\game-programmer-book-build\src\07_2DActionGame\NimotsuKunWithSystemFont\Sequence\Game\Loading.cpp(37,47): warning C4566: 유니버설 문자 이름 '\uFF81'(으)로 표현되는 문자는 현재 코드 페이지(949)에서 표현할 수 없습니다.
C:\Users\MikumiX\Documents\Repos\game-programmer-book-build\src\07_2DActionGame\NimotsuKunWithSystemFont\Sequence\Game\Loading.cpp(37,47): warning C4566: 유니버설 문자 이름 '\uFF6D'(으)로 표현되는 문자는 현재 코드 페이지(949)에서 표현할 수 없습니다.
C:\Users\MikumiX\Documents\Repos\game-programmer-book-build\src\07_2DActionGame\NimotsuKunWithSystemFont\Sequence\Game\Loading.cpp(37,47): warning C4566: 유니버설 문자 이름 '\uFF73'(으)로 표현되는 문자는 현재 코드 페이지(949)에서 표현할 수 없습니다.
C:\Users\MikumiX\Documents\Repos\game-programmer-book-build\src\07_2DActionGame\NimotsuKunWithSystemFont\Sequence\Game\Loading.cpp(37,47): warning C4566: 유니버설 문자 이름 '\uFF86'(으)로 표현되는 문자는 현재 코드 페이지(949)에서 표현할 수 없습니다.
C:\Users\MikumiX\Documents\Repos\game-programmer-book-build\src\07_2DActionGame\NimotsuKunWithSystemFont\Sequence\Game\Loading.cpp(37,47): warning C4566: 유니버설 문자 이름 '\uFF82'(으)로 표현되는 문자는 현재 코드 페이지(949)에서 표현할 수 없습니다.
C:\Users\MikumiX\Documents\Repos\game-programmer-book-build\src\07_2DActionGame\NimotsuKunWithSystemFont\Sequence\Game\Loading.cpp(37,47): warning C4566: 유니버설 문자 이름 '\uFF77'(으)로 표현되는 문자는 현재 코드 페이지(949)에서 표현할 수 없습니다.
C:\Users\MikumiX\Documents\Repos\game-programmer-book-build\src\07_2DActionGame\NimotsuKunWithSystemFont\Sequence\Game\Loading.cpp(37,47): warning C4566: 유니버설 문자 이름 '\uFF8F'(으)로 표현되는 문자는 현재 코드 페이지(949)에서 표현할 수 없습니다.
C:\Users\MikumiX\Documents\Repos\game-programmer-book-build\src\07_2DActionGame\NimotsuKunWithSystemFont\Sequence\Game\Loading.cpp(37,47): warning C4566: 유니버설 문자 이름 '\uFF83'(으)로 표현되는 문자는 현재 코드 페이지(949)에서 표현할 수 없습니다.
  Menu.cpp
C:\Users\MikumiX\Documents\Repos\game-programmer-book-build\src\07_2DActionGame\NimotsuKunWithSystemFont\Sequence\Game\Menu.cpp(62,27): warning C4566: 유니버설 문자 이름 '\uFF92'(으)로 표현되는 문자는 현재 코드 페이지(949)에서 표현할 수 없습니다.
C:\Users\MikumiX\Documents\Repos\game-programmer-book-build\src\07_2DActionGame\NimotsuKunWithSystemFont\Sequence\Game\Menu.cpp(62,27): warning C4566: 유니버설 문자 이름 '\uFF86'(으)로 표현되는 문자는 현재 코드 페이지(949)에서 표현할 수 없습니다.
C:\Users\MikumiX\Documents\Repos\game-programmer-book-build\src\07_2DActionGame\NimotsuKunWithSystemFont\Sequence\Game\Menu.cpp(62,27): warning C4566: 유니버설 문자 이름 '\uFF6D'(으)로 표현되는 문자는 현재 코드 페이지(949)에서 표현할 수 없습니다.
C:\Users\MikumiX\Documents\Repos\game-programmer-book-build\src\07_2DActionGame\NimotsuKunWithSystemFont\Sequence\Game\Menu.cpp(62,27): warning C4566: 유니버설 문자 이름 '\uFF70'(으)로 표현되는 문자는 현재 코드 페이지(949)에서 표현할 수 없습니다.
C:\Users\MikumiX\Documents\Repos\game-programmer-book-build\src\07_2DActionGame\NimotsuKunWithSystemFont\Sequence\Game\Menu.cpp(63,27): warning C4566: 유니버설 문자 이름 '\uFF93'(으)로 표현되는 문자는 현재 코드 페이지(949)에서 표현할 수 없습니다.
C:\Users\MikumiX\Documents\Repos\game-programmer-book-build\src\07_2DActionGame\NimotsuKunWithSystemFont\Sequence\Game\Menu.cpp(63,27): warning C4566: 유니버설 문자 이름 '\uFF73'(으)로 표현되는 문자는 현재 코드 페이지(949)에서 표현할 수 없습니다.
C:\Users\MikumiX\Documents\Repos\game-programmer-book-build\src\07_2DActionGame\NimotsuKunWithSystemFont\Sequence\Game\Menu.cpp(63,27): warning C4566: 유니버설 문자 이름 '\uFF72'(으)로 표현되는 문자는 현재 코드 페이지(949)에서 표현할 수 없습니다.
C:\Users\MikumiX\Documents\Repos\game-programmer-book-build\src\07_2DActionGame\NimotsuKunWithSystemFont\Sequence\Game\Menu.cpp(63,27): warning C4566: 유니버설 문자 이름 '\uFF81'(으)로 표현되는 문자는 현재 코드 페이지(949)에서 표현할 수 없습니다.
C:\Users\MikumiX\Documents\Repos\game-programmer-book-build\src\07_2DActionGame\NimotsuKunWithSystemFont\Sequence\Game\Menu.cpp(63,27): warning C4566: 유니버설 문자 이름 '\uFF84'(으)로 표현되는 문자는 현재 코드 페이지(949)에서 표현할 수 없습니다.
C:\Users\MikumiX\Documents\Repos\game-programmer-book-build\src\07_2DActionGame\NimotsuKunWithSystemFont\Sequence\Game\Menu.cpp(63,27): warning C4566: 유니버설 문자 이름 '\uFF9E'(으)로 표현되는 문자는 현재 코드 페이지(949)에서 표현할 수 없습니다.
C:\Users\MikumiX\Documents\Repos\game-programmer-book-build\src\07_2DActionGame\NimotsuKunWithSystemFont\Sequence\Game\Menu.cpp(64,27): warning C4566: 유니버설 문자 이름 '\uFF7D'(으)로 표현되는 문자는 현재 코드 페이지(949)에서 표현할 수 없습니다.
C:\Users\MikumiX\Documents\Repos\game-programmer-book-build\src\07_2DActionGame\NimotsuKunWithSystemFont\Sequence\Game\Menu.cpp(64,27): warning C4566: 유니버설 문자 이름 '\uFF83'(으)로 표현되는 문자는 현재 코드 페이지(949)에서 표현할 수 없습니다.
C:\Users\MikumiX\Documents\Repos\game-programmer-book-build\src\07_2DActionGame\NimotsuKunWithSystemFont\Sequence\Game\Menu.cpp(64,27): warning C4566: 유니버설 문자 이름 '\uFF70'(으)로 표현되는 문자는 현재 코드 페이지(949)에서 표현할 수 없습니다.
C:\Users\MikumiX\Documents\Repos\game-programmer-book-build\src\07_2DActionGame\NimotsuKunWithSystemFont\Sequence\Game\Menu.cpp(64,27): warning C4566: 유니버설 문자 이름 '\uFF7C'(으)로 표현되는 문자는 현재 코드 페이지(949)에서 표현할 수 없습니다.
C:\Users\MikumiX\Documents\Repos\game-programmer-book-build\src\07_2DActionGame\NimotsuKunWithSystemFont\Sequence\Game\Menu.cpp(64,27): warning C4566: 유니버설 문자 이름 '\uFF9E'(으)로 표현되는 문자는 현재 코드 페이지(949)에서 표현할 수 없습니다.
C:\Users\MikumiX\Documents\Repos\game-programmer-book-build\src\07_2DActionGame\NimotsuKunWithSystemFont\Sequence\Game\Menu.cpp(64,27): warning C4566: 유니버설 문자 이름 '\uFF7E'(으)로 표현되는 문자는 현재 코드 페이지(949)에서 표현할 수 없습니다.
C:\Users\MikumiX\Documents\Repos\game-programmer-book-build\src\07_2DActionGame\NimotsuKunWithSystemFont\Sequence\Game\Menu.cpp(64,27): warning C4566: 유니버설 문자 이름 '\uFF9A'(으)로 표현되는 문자는 현재 코드 페이지(949)에서 표현할 수 없습니다.
C:\Users\MikumiX\Documents\Repos\game-programmer-book-build\src\07_2DActionGame\NimotsuKunWithSystemFont\Sequence\Game\Menu.cpp(64,27): warning C4566: 유니버설 문자 이름 '\uFF78'(으)로 표현되는 문자는 현재 코드 페이지(949)에서 표현할 수 없습니다.
C:\Users\MikumiX\Documents\Repos\game-programmer-book-build\src\07_2DActionGame\NimotsuKunWithSystemFont\Sequence\Game\Menu.cpp(64,27): warning C4566: 유니버설 문자 이름 '\uFF84'(으)로 표현되는 문자는 현재 코드 페이지(949)에서 표현할 수 없습니다.
C:\Users\MikumiX\Documents\Repos\game-programmer-book-build\src\07_2DActionGame\NimotsuKunWithSystemFont\Sequence\Game\Menu.cpp(64,27): warning C4566: 유니버설 문자 이름 '\uFF8D'(으)로 표현되는 문자는 현재 코드 페이지(949)에서 표현할 수 없습니다.
C:\Users\MikumiX\Documents\Repos\game-programmer-book-build\src\07_2DActionGame\NimotsuKunWithSystemFont\Sequence\Game\Menu.cpp(65,27): warning C4566: 유니버설 문자 이름 '\uFF80'(으)로 표현되는 문자는 현재 코드 페이지(949)에서 표현할 수 없습니다.
C:\Users\MikumiX\Documents\Repos\game-programmer-book-build\src\07_2DActionGame\NimotsuKunWithSystemFont\Sequence\Game\Menu.cpp(65,27): warning C4566: 유니버설 문자 이름 '\uFF72'(으)로 표현되는 문자는 현재 코드 페이지(949)에서 표현할 수 없습니다.
C:\Users\MikumiX\Documents\Repos\game-programmer-book-build\src\07_2DActionGame\NimotsuKunWithSystemFont\Sequence\Game\Menu.cpp(65,27): warning C4566: 유니버설 문자 이름 '\uFF84'(으)로 표현되는 문자는 현재 코드 페이지(949)에서 표현할 수 없습니다.
C:\Users\MikumiX\Documents\Repos\game-programmer-book-build\src\07_2DActionGame\NimotsuKunWithSystemFont\Sequence\Game\Menu.cpp(65,27): warning C4566: 유니버설 문자 이름 '\uFF99'(으)로 표현되는 문자는 현재 코드 페이지(949)에서 표현할 수 없습니다.
C:\Users\MikumiX\Documents\Repos\game-programmer-book-build\src\07_2DActionGame\NimotsuKunWithSystemFont\Sequence\Game\Menu.cpp(65,27): warning C4566: 유니버설 문자 이름 '\uFF76'(으)로 표현되는 문자는 현재 코드 페이지(949)에서 표현할 수 없습니다.
C:\Users\MikumiX\Documents\Repos\game-programmer-book-build\src\07_2DActionGame\NimotsuKunWithSystemFont\Sequence\Game\Menu.cpp(65,27): warning C4566: 유니버설 문자 이름 '\uFF9E'(으)로 표현되는 문자는 현재 코드 페이지(949)에서 표현할 수 없습니다.
C:\Users\MikumiX\Documents\Repos\game-programmer-book-build\src\07_2DActionGame\NimotsuKunWithSystemFont\Sequence\Game\Menu.cpp(65,27): warning C4566: 유니버설 문자 이름 '\uFF92'(으)로 표현되는 문자는 현재 코드 페이지(949)에서 표현할 수 없습니다.
C:\Users\MikumiX\Documents\Repos\game-programmer-book-build\src\07_2DActionGame\NimotsuKunWithSystemFont\Sequence\Game\Menu.cpp(65,27): warning C4566: 유니버설 문자 이름 '\uFF9D'(으)로 표현되는 문자는 현재 코드 페이지(949)에서 표현할 수 없습니다.
C:\Users\MikumiX\Documents\Repos\game-programmer-book-build\src\07_2DActionGame\NimotsuKunWithSystemFont\Sequence\Game\Menu.cpp(65,27): warning C4566: 유니버설 문자 이름 '\uFF8D'(으)로 표현되는 문자는 현재 코드 페이지(949)에서 표현할 수 없습니다.
C:\Users\MikumiX\Documents\Repos\game-programmer-book-build\src\07_2DActionGame\NimotsuKunWithSystemFont\Sequence\Game\Menu.cpp(66,27): warning C4566: 유니버설 문자 이름 '\uFF79'(으)로 표현되는 문자는 현재 코드 페이지(949)에서 표현할 수 없습니다.
C:\Users\MikumiX\Documents\Repos\game-programmer-book-build\src\07_2DActionGame\NimotsuKunWithSystemFont\Sequence\Game\Menu.cpp(66,27): warning C4566: 유니버설 문자 이름 '\uFF9E'(으)로 표현되는 문자는 현재 코드 페이지(949)에서 표현할 수 없습니다.
C:\Users\MikumiX\Documents\Repos\game-programmer-book-build\src\07_2DActionGame\NimotsuKunWithSystemFont\Sequence\Game\Menu.cpp(66,27): warning C4566: 유니버설 문자 이름 '\uFF70'(으)로 표현되는 문자는 현재 코드 페이지(949)에서 표현할 수 없습니다.
C:\Users\MikumiX\Documents\Repos\game-programmer-book-build\src\07_2DActionGame\NimotsuKunWithSystemFont\Sequence\Game\Menu.cpp(66,27): warning C4566: 유니버설 문자 이름 '\uFF91'(으)로 표현되는 문자는 현재 코드 페이지(949)에서 표현할 수 없습니다.
C:\Users\MikumiX\Documents\Repos\game-programmer-book-build\src\07_2DActionGame\NimotsuKunWithSystemFont\Sequence\Game\Menu.cpp(66,27): warning C4566: 유니버설 문자 이름 '\uFF86'(으)로 표현되는 문자는 현재 코드 페이지(949)에서 표현할 수 없습니다.
C:\Users\MikumiX\Documents\Repos\game-programmer-book-build\src\07_2DActionGame\NimotsuKunWithSystemFont\Sequence\Game\Menu.cpp(66,27): warning C4566: 유니버설 문자 이름 '\uFF93'(으)로 표현되는 문자는 현재 코드 페이지(949)에서 표현할 수 없습니다.
C:\Users\MikumiX\Documents\Repos\game-programmer-book-build\src\07_2DActionGame\NimotsuKunWithSystemFont\Sequence\Game\Menu.cpp(66,27): warning C4566: 유니버설 문자 이름 '\uFF84'(으)로 표현되는 문자는 현재 코드 페이지(949)에서 표현할 수 없습니다.
C:\Users\MikumiX\Documents\Repos\game-programmer-book-build\src\07_2DActionGame\NimotsuKunWithSystemFont\Sequence\Game\Menu.cpp(66,27): warning C4566: 유니버설 문자 이름 '\uFF99'(으)로 표현되는 문자는 현재 코드 페이지(949)에서 표현할 수 없습니다.
  Play.cpp
  코드를 생성하고 있습니다...
  Parent.cpp
  Parent.cpp
  NimotsuKunWithSystemFont.vcxproj -> C:\Users\MikumiX\Documents\Repos\game-programmer-book-build\src\build\07_2DActionGame\NimotsuKunWithSystemFont\Debug\NimotsuKunWithSystemFont.exe
  CopyResource
